============================日志开始============================
GET: http://localhost/boystyle/lib/Logs.php
Date: May 3, 2016, 10:54 pm
POST: NOT
单行日志内容测试
----------------------------日志结束----------------------------



============================日志开始============================
GET: http://localhost/boystyle/lib/Logs.php
Date: May 3, 2016, 10:54 pm
POST: NOT
单行日志内容测试
----------------------------日志结束----------------------------



============================日志开始============================
GET: http://localhost/boystyle/lib/Logs.php
Date: May 3, 2016, 10:54 pm
POST: NOT
单行日志内容测试
----------------------------日志结束----------------------------



============================日志开始============================
GET: http://localhost/boystyle/lib/Logs.php
Date: May 3, 2016, 10:54 pm
POST: NOT
单行日志内容测试
----------------------------日志结束----------------------------



============================日志开始============================
GET: http://localhost/boystyle/lib/Logs.php
Date: May 3, 2016, 10:54 pm
POST: NOT
单行日志内容测试
----------------------------日志结束----------------------------



============================日志开始============================
GET: http://localhost/boystyle/lib/Logs.php
Date: May 3, 2016, 10:54 pm
POST: NOT
单行日志内容测试
----------------------------日志结束----------------------------



============================日志开始============================
GET: http://localhost/boystyle/lib/Logs.php
Date: May 3, 2016, 10:55 pm
POST: NOT
单行日志内容测试
----------------------------日志结束----------------------------



============================日志开始============================
GET: http://localhost/boystyle/lib/Logs.php
Date: May 3, 2016, 10:55 pm
POST: NOT
单行日志内容测试
----------------------------日志结束----------------------------



============================日志开始============================
GET: http://localhost/boystyle/lib/Logs.php
Date: May 3, 2016, 10:55 pm
POST: NOT
单行日志内容测试
----------------------------日志结束----------------------------



============================日志开始============================
GET: http://localhost/boystyle/lib/Logs.php
Date: May 3, 2016, 11:00 pm
POST: NOT
单行日志内容测试
----------------------------日志结束----------------------------



============================日志开始============================
GET: http://localhost/boystyle/lib/Logs.php
Date: May 3, 2016, 11:00 pm
POST: NOT
单行日志内容测试
----------------------------日志结束----------------------------



============================日志开始============================
GET: http://localhost/boystyle/lib/Logs.php
Date: May 3, 2016, 11:00 pm
POST: NOT
单行日志内容测试
----------------------------日志结束----------------------------



============================日志开始============================
GET: http://localhost/boystyle/lib/Logs.php
Date: May 3, 2016, 11:00 pm
POST: NOT
单行日志内容测试
----------------------------日志结束----------------------------



============================日志开始============================
GET: http://localhost/boystyle/lib/Logs.php
Date: May 3, 2016, 11:00 pm
POST: NOT
单行日志内容测试
----------------------------日志结束----------------------------



